<?xml version="1.0" encoding="UTF-8"?>
<coverage generated="1619835614959" clover="3.2.0">
  <project timestamp="1619835614959" name="All files">
    <metrics statements="21" coveredstatements="8" conditionals="2" coveredconditionals="0" methods="12" coveredmethods="6" elements="35" coveredelements="14" complexity="0" loc="21" ncloc="21" packages="3" files="3" classes="3"/>
    <package name="components.atoms.BaseButton">
      <metrics statements="3" coveredstatements="3" conditionals="0" coveredconditionals="0" methods="2" coveredmethods="2"/>
      <file name="BaseButton.vue" path="/Users/paulocalixto/Documents/Projetos/Schedule/schedule-test/src/components/atoms/BaseButton/BaseButton.vue">
        <metrics statements="3" coveredstatements="3" conditionals="0" coveredconditionals="0" methods="2" coveredmethods="2"/>
        <line num="17" count="1" type="stmt"/>
        <line num="23" count="3" type="stmt"/>
        <line num="36" count="1" type="stmt"/>
      </file>
    </package>
    <package name="components.atoms.BaseInput">
      <metrics statements="15" coveredstatements="5" conditionals="2" coveredconditionals="0" methods="9" coveredmethods="4"/>
      <file name="BaseInput.vue" path="/Users/paulocalixto/Documents/Projetos/Schedule/schedule-test/src/components/atoms/BaseInput/BaseInput.vue">
        <metrics statements="15" coveredstatements="5" conditionals="2" coveredconditionals="0" methods="9" coveredmethods="4"/>
        <line num="26" count="1" type="stmt"/>
        <line num="51" count="1" type="stmt"/>
        <line num="58" count="1" type="stmt"/>
        <line num="63" count="2" type="stmt"/>
        <line num="66" count="0" type="stmt"/>
        <line num="67" count="0" type="stmt"/>
        <line num="70" count="0" type="cond" truecount="0" falsecount="2"/>
        <line num="71" count="0" type="stmt"/>
        <line num="74" count="0" type="stmt"/>
        <line num="77" count="0" type="stmt"/>
        <line num="78" count="0" type="stmt"/>
        <line num="79" count="0" type="stmt"/>
        <line num="80" count="0" type="stmt"/>
        <line num="81" count="0" type="stmt"/>
        <line num="86" count="1" type="stmt"/>
      </file>
    </package>
    <package name="views">
      <metrics statements="3" coveredstatements="0" conditionals="0" coveredconditionals="0" methods="1" coveredmethods="0"/>
      <file name="Home.vue" path="/Users/paulocalixto/Documents/Projetos/Schedule/schedule-test/src/views/Home.vue">
        <metrics statements="3" coveredstatements="0" conditionals="0" coveredconditionals="0" methods="1" coveredmethods="0"/>
        <line num="10" count="0" type="stmt"/>
        <line num="12" count="0" type="stmt"/>
        <line num="18" count="0" type="stmt"/>
      </file>
    </package>
  </project>
</coverage>
