{"/Users/paulocalixto/Documents/Projetos/Schedule/schedule-test/src/components/atoms/BaseButton/BaseButton.vue": {"path":"/Users/paulocalixto/Documents/Projetos/Schedule/schedule-test/src/components/atoms/BaseButton/BaseButton.vue","statementMap":{"0":{"start":{"line":17,"column":15},"end":{"line":17,"column":null}},"1":{"start":{"line":23,"column":24},"end":{"line":23,"column":25}},"2":{"start":{"line":36,"column":6},"end":{"line":36,"column":11}}},"fnMap":{"0":{"name":"(anonymous_0)","decl":{"start":{"line":23,"column":17},"end":{"line":23,"column":20}},"loc":{"start":{"line":23,"column":24},"end":{"line":23,"column":25}}},"1":{"name":"(anonymous_1)","decl":{"start":{"line":35,"column":4},"end":{"line":35,"column":9}},"loc":{"start":{"line":35,"column":13},"end":{"line":37,"column":null}}}},"branchMap":{},"s":{"0":1,"1":3,"2":1},"f":{"0":3,"1":1},"b":{}}
,"/Users/paulocalixto/Documents/Projetos/Schedule/schedule-test/src/views/Home.vue": {"path":"/Users/paulocalixto/Documents/Projetos/Schedule/schedule-test/src/views/Home.vue","statementMap":{"0":{"start":{"line":9,"column":0},"end":{"line":9,"column":null}},"1":{"start":{"line":11,"column":15},"end":{"line":11,"column":null}}},"fnMap":{},"branchMap":{},"s":{"0":0,"1":0},"f":{},"b":{}}
}
