{"/Users/paulocalixto/Documents/Projetos/Schedule/schedule-test/src/components/atoms/BaseButton/BaseButton.vue": {"path":"/Users/paulocalixto/Documents/Projetos/Schedule/schedule-test/src/components/atoms/BaseButton/BaseButton.vue","statementMap":{"0":{"start":{"line":17,"column":15},"end":{"line":17,"column":null}},"1":{"start":{"line":23,"column":24},"end":{"line":23,"column":25}},"2":{"start":{"line":36,"column":6},"end":{"line":36,"column":11}}},"fnMap":{"0":{"name":"(anonymous_0)","decl":{"start":{"line":23,"column":17},"end":{"line":23,"column":20}},"loc":{"start":{"line":23,"column":24},"end":{"line":23,"column":25}}},"1":{"name":"(anonymous_1)","decl":{"start":{"line":35,"column":4},"end":{"line":35,"column":9}},"loc":{"start":{"line":35,"column":13},"end":{"line":37,"column":null}}}},"branchMap":{},"s":{"0":1,"1":3,"2":1},"f":{"0":3,"1":1},"b":{}}
,"/Users/paulocalixto/Documents/Projetos/Schedule/schedule-test/src/components/atoms/BaseDatepicker/BaseDatepicker.vue": {"path":"/Users/paulocalixto/Documents/Projetos/Schedule/schedule-test/src/components/atoms/BaseDatepicker/BaseDatepicker.vue","statementMap":{"0":{"start":{"line":15,"column":0},"end":{"line":15,"column":null}},"1":{"start":{"line":17,"column":15},"end":{"line":17,"column":null}},"2":{"start":{"line":31,"column":8},"end":{"line":31,"column":15}}},"fnMap":{"0":{"name":"(anonymous_0)","decl":{"start":{"line":30,"column":4},"end":{"line":30,"column":8}},"loc":{"start":{"line":30,"column":11},"end":{"line":34,"column":null}}}},"branchMap":{},"s":{"0":1,"1":1,"2":1},"f":{"0":1},"b":{}}
,"/Users/paulocalixto/Documents/Projetos/Schedule/schedule-test/src/components/atoms/BaseInput/BaseInput.vue": {"path":"/Users/paulocalixto/Documents/Projetos/Schedule/schedule-test/src/components/atoms/BaseInput/BaseInput.vue","statementMap":{"0":{"start":{"line":26,"column":15},"end":{"line":26,"column":null}},"1":{"start":{"line":51,"column":8},"end":{"line":51,"column":15}},"2":{"start":{"line":58,"column":12},"end":{"line":58,"column":19}},"3":{"start":{"line":63,"column":12},"end":{"line":63,"column":17}},"4":{"start":{"line":66,"column":12},"end":{"line":66,"column":17}},"5":{"start":{"line":67,"column":12},"end":{"line":67,"column":17}},"6":{"start":{"line":70,"column":24},"end":{"line":70,"column":null}},"7":{"start":{"line":71,"column":12},"end":{"line":71,"column":17}},"8":{"start":{"line":74,"column":12},"end":{"line":74,"column":17}},"9":{"start":{"line":77,"column":24},"end":{"line":77,"column":null}},"10":{"start":{"line":78,"column":12},"end":{"line":78,"column":17}},"11":{"start":{"line":79,"column":12},"end":{"line":79,"column":24}},"12":{"start":{"line":80,"column":12},"end":{"line":80,"column":17}},"13":{"start":{"line":81,"column":16},"end":{"line":81,"column":21}},"14":{"start":{"line":86,"column":12},"end":{"line":86,"column":17}}},"fnMap":{"0":{"name":"(anonymous_0)","decl":{"start":{"line":50,"column":4},"end":{"line":50,"column":8}},"loc":{"start":{"line":50,"column":11},"end":{"line":55,"column":null}}},"1":{"name":"(anonymous_1)","decl":{"start":{"line":57,"column":8},"end":{"line":57,"column":22}},"loc":{"start":{"line":57,"column":25},"end":{"line":59,"column":null}}},"2":{"name":"(anonymous_2)","decl":{"start":{"line":62,"column":8},"end":{"line":62,"column":15}},"loc":{"start":{"line":62,"column":18},"end":{"line":64,"column":null}}},"3":{"name":"(anonymous_3)","decl":{"start":{"line":65,"column":8},"end":{"line":65,"column":19}},"loc":{"start":{"line":65,"column":22},"end":{"line":68,"column":null}}},"4":{"name":"(anonymous_4)","decl":{"start":{"line":69,"column":8},"end":{"line":69,"column":15}},"loc":{"start":{"line":69,"column":19},"end":{"line":72,"column":null}}},"5":{"name":"(anonymous_5)","decl":{"start":{"line":73,"column":8},"end":{"line":73,"column":16}},"loc":{"start":{"line":73,"column":19},"end":{"line":75,"column":null}}},"6":{"name":"(anonymous_6)","decl":{"start":{"line":76,"column":8},"end":{"line":76,"column":21}},"loc":{"start":{"line":76,"column":25},"end":{"line":84,"column":null}}},"7":{"name":"(anonymous_7)","decl":{"start":{"line":80,"column":39},"end":{"line":80,"column":null}},"loc":{"start":{"line":81,"column":16},"end":{"line":81,"column":21}}},"8":{"name":"(anonymous_8)","decl":{"start":{"line":85,"column":8},"end":{"line":85,"column":25}},"loc":{"start":{"line":85,"column":28},"end":{"line":87,"column":null}}}},"branchMap":{"0":{"loc":{"start":{"line":70,"column":28},"end":{"line":70,"column":45}},"type":"cond-expr","locations":[{"start":{"line":70,"column":28},"end":{"line":70,"column":45}},{"start":{"line":70,"column":45},"end":{"line":70,"column":null}}]}},"s":{"0":1,"1":1,"2":1,"3":2,"4":0,"5":0,"6":0,"7":0,"8":0,"9":0,"10":0,"11":0,"12":0,"13":0,"14":1},"f":{"0":1,"1":1,"2":2,"3":0,"4":0,"5":0,"6":0,"7":0,"8":1},"b":{"0":[0,0]}}
,"/Users/paulocalixto/Documents/Projetos/Schedule/schedule-test/src/components/organisms/TheSchedule/TheSchedule.vue": {"path":"/Users/paulocalixto/Documents/Projetos/Schedule/schedule-test/src/components/organisms/TheSchedule/TheSchedule.vue","statementMap":{"0":{"start":{"line":22,"column":0},"end":{"line":22,"column":null}},"1":{"start":{"line":23,"column":0},"end":{"line":23,"column":null}},"2":{"start":{"line":25,"column":15},"end":{"line":25,"column":null}},"3":{"start":{"line":28,"column":8},"end":{"line":28,"column":15}},"4":{"start":{"line":36,"column":12},"end":{"line":36,"column":19}},"5":{"start":{"line":39,"column":12},"end":{"line":39,"column":19}},"6":{"start":{"line":42,"column":12},"end":{"line":42,"column":20}}},"fnMap":{"0":{"name":"(anonymous_0)","decl":{"start":{"line":27,"column":4},"end":{"line":27,"column":8}},"loc":{"start":{"line":27,"column":11},"end":{"line":33,"column":null}}},"1":{"name":"(anonymous_1)","decl":{"start":{"line":35,"column":8},"end":{"line":35,"column":27}},"loc":{"start":{"line":35,"column":30},"end":{"line":37,"column":null}}},"2":{"name":"(anonymous_2)","decl":{"start":{"line":38,"column":8},"end":{"line":38,"column":24}},"loc":{"start":{"line":38,"column":27},"end":{"line":40,"column":null}}},"3":{"name":"(anonymous_3)","decl":{"start":{"line":41,"column":8},"end":{"line":41,"column":27}},"loc":{"start":{"line":41,"column":30},"end":{"line":43,"column":null}}}},"branchMap":{},"s":{"0":2,"1":2,"2":2,"3":1,"4":1,"5":1,"6":1},"f":{"0":1,"1":1,"2":1,"3":1},"b":{}}
,"/Users/paulocalixto/Documents/Projetos/Schedule/schedule-test/src/views/Home/Home.vue": {"path":"/Users/paulocalixto/Documents/Projetos/Schedule/schedule-test/src/views/Home/Home.vue","statementMap":{"0":{"start":{"line":11,"column":0},"end":{"line":11,"column":null}},"1":{"start":{"line":12,"column":15},"end":{"line":12,"column":null}}},"fnMap":{},"branchMap":{},"s":{"0":1,"1":1},"f":{},"b":{}}
}
