TN:
SF:/Users/paulocalixto/Documents/Projetos/Schedule/schedule-test/src/components/atoms/BaseButton/BaseButton.vue
FN:24,(anonymous_0)
FN:37,(anonymous_1)
FN:41,(anonymous_2)
FN:48,(anonymous_3)
FNF:4
FNH:4
FNDA:16,(anonymous_0)
FNDA:16,(anonymous_1)
FNDA:16,(anonymous_2)
FNDA:2,(anonymous_3)
DA:18,4
DA:24,16
DA:37,16
DA:42,16
DA:49,2
LF:5
LH:5
BRF:0
BRH:0
end_of_record
TN:
SF:/Users/paulocalixto/Documents/Projetos/Schedule/schedule-test/src/components/atoms/BaseDatepicker/BaseDatepicker.vue
FN:30,(anonymous_0)
FNF:1
FNH:1
FNDA:12,(anonymous_0)
DA:15,4
DA:17,4
DA:31,12
LF:3
LH:3
BRF:0
BRH:0
end_of_record
TN:
SF:/Users/paulocalixto/Documents/Projetos/Schedule/schedule-test/src/components/atoms/BaseInput/BaseInput.vue
FN:49,(anonymous_0)
FN:57,(anonymous_1)
FN:60,(anonymous_2)
FNF:3
FNH:3
FNDA:34,(anonymous_0)
FNDA:1,(anonymous_1)
FNDA:1,(anonymous_2)
DA:23,4
DA:50,34
DA:58,1
DA:61,1
LF:4
LH:4
BRF:0
BRH:0
end_of_record
TN:
SF:/Users/paulocalixto/Documents/Projetos/Schedule/schedule-test/src/components/atoms/BaseReminder/BaseReminder.vue
FN:22,(anonymous_0)
FN:27,(anonymous_1)
FNF:2
FNH:2
FNDA:1,(anonymous_0)
FNDA:1,(anonymous_1)
DA:8,4
DA:23,1
DA:28,1
LF:3
LH:3
BRDA:23,0,0,1
BRDA:23,0,1,0
BRF:2
BRH:1
end_of_record
TN:
SF:/Users/paulocalixto/Documents/Projetos/Schedule/schedule-test/src/components/organisms/TheSchedule/TheSchedule.vue
FN:56,(anonymous_0)
FN:67,(anonymous_1)
FN:70,(anonymous_2)
FN:73,(anonymous_3)
FN:76,(anonymous_4)
FN:79,(anonymous_5)
FN:84,(anonymous_6)
FN:87,(anonymous_7)
FN:91,(anonymous_8)
FN:94,(anonymous_9)
FN:97,(anonymous_10)
FNF:11
FNH:7
FNDA:4,(anonymous_0)
FNDA:4,(anonymous_1)
FNDA:4,(anonymous_2)
FNDA:4,(anonymous_3)
FNDA:4,(anonymous_4)
FNDA:4,(anonymous_5)
FNDA:0,(anonymous_6)
FNDA:0,(anonymous_7)
FNDA:4,(anonymous_8)
FNDA:0,(anonymous_9)
FNDA:0,(anonymous_10)
DA:41,2
DA:42,2
DA:44,2
DA:45,2
DA:47,2
DA:49,2
DA:50,2
DA:52,2
DA:57,4
DA:68,4
DA:71,4
DA:74,4
DA:77,4
DA:80,4
DA:85,0
DA:88,0
DA:89,0
DA:92,4
DA:95,0
DA:98,0
LF:20
LH:15
BRF:0
BRH:0
end_of_record
TN:
SF:/Users/paulocalixto/Documents/Projetos/Schedule/schedule-test/src/store/modules/schedule.js
FN:2,(anonymous_0)
FN:8,(anonymous_1)
FN:8,(anonymous_2)
FN:11,(anonymous_3)
FN:11,(anonymous_4)
FN:14,(anonymous_5)
FN:14,(anonymous_6)
FN:15,(anonymous_7)
FN:17,(anonymous_8)
FN:18,(anonymous_9)
FN:19,(anonymous_10)
FN:25,(anonymous_11)
FN:28,(anonymous_12)
FN:31,(anonymous_13)
FN:35,(anonymous_14)
FN:38,(anonymous_15)
FN:45,(anonymous_16)
FN:48,(anonymous_17)
FN:51,(anonymous_18)
FN:52,(anonymous_19)
FN:55,(anonymous_20)
FNF:21
FNH:0
FNDA:0,(anonymous_0)
FNDA:0,(anonymous_1)
FNDA:0,(anonymous_2)
FNDA:0,(anonymous_3)
FNDA:0,(anonymous_4)
FNDA:0,(anonymous_5)
FNDA:0,(anonymous_6)
FNDA:0,(anonymous_7)
FNDA:0,(anonymous_8)
FNDA:0,(anonymous_9)
FNDA:0,(anonymous_10)
FNDA:0,(anonymous_11)
FNDA:0,(anonymous_12)
FNDA:0,(anonymous_13)
FNDA:0,(anonymous_14)
FNDA:0,(anonymous_15)
FNDA:0,(anonymous_16)
FNDA:0,(anonymous_17)
FNDA:0,(anonymous_18)
FNDA:0,(anonymous_19)
FNDA:0,(anonymous_20)
DA:2,0
DA:7,0
DA:8,0
DA:9,0
DA:11,0
DA:12,0
DA:14,0
DA:15,0
DA:18,0
DA:19,0
DA:24,0
DA:26,0
DA:29,0
DA:32,0
DA:33,0
DA:36,0
DA:39,0
DA:44,0
DA:46,0
DA:49,0
DA:52,0
DA:53,0
DA:56,0
LF:23
LH:0
BRDA:9,0,0,0
BRDA:9,0,1,0
BRF:2
BRH:0
end_of_record
TN:
SF:/Users/paulocalixto/Documents/Projetos/Schedule/schedule-test/src/views/Home/Home.vue
FN:37,(anonymous_0)
FN:49,(anonymous_1)
FN:52,(anonymous_2)
FN:55,(anonymous_3)
FN:59,(anonymous_4)
FN:62,(anonymous_5)
FNF:6
FNH:1
FNDA:2,(anonymous_0)
FNDA:0,(anonymous_1)
FNDA:0,(anonymous_2)
FNDA:0,(anonymous_3)
FNDA:0,(anonymous_4)
FNDA:0,(anonymous_5)
DA:27,1
DA:28,1
DA:29,1
DA:30,1
DA:31,1
DA:34,1
DA:38,2
DA:50,0
DA:53,0
DA:56,0
DA:57,0
DA:60,0
DA:63,0
DA:64,0
DA:65,0
LF:15
LH:7
BRF:0
BRH:0
end_of_record
TN:
SF:/Users/paulocalixto/Documents/Projetos/Schedule/schedule-test/src/views/Home/HomeReminder/HomeReminder.vue
FN:35,(anonymous_0)
FN:39,(anonymous_1)
FN:52,(anonymous_2)
FN:55,(anonymous_3)
FN:58,(anonymous_4)
FN:61,(anonymous_5)
FN:65,(anonymous_6)
FN:76,(anonymous_7)
FN:79,(anonymous_8)
FN:89,(anonymous_9)
FN:91,(anonymous_10)
FN:92,(anonymous_11)
FN:95,(anonymous_12)
FN:101,(anonymous_13)
FN:120,(anonymous_14)
FN:127,(anonymous_15)
FN:132,(anonymous_16)
FNF:17
FNH:8
FNDA:11,(anonymous_0)
FNDA:11,(anonymous_1)
FNDA:0,(anonymous_2)
FNDA:0,(anonymous_3)
FNDA:12,(anonymous_4)
FNDA:11,(anonymous_5)
FNDA:11,(anonymous_6)
FNDA:11,(anonymous_7)
FNDA:11,(anonymous_8)
FNDA:0,(anonymous_9)
FNDA:0,(anonymous_10)
FNDA:0,(anonymous_11)
FNDA:3,(anonymous_12)
FNDA:0,(anonymous_13)
FNDA:0,(anonymous_14)
FNDA:0,(anonymous_15)
FNDA:0,(anonymous_16)
DA:21,2
DA:22,2
DA:23,2
DA:24,2
DA:26,2
DA:28,2
DA:40,11
DA:53,0
DA:56,0
DA:59,12
DA:62,11
DA:66,11
DA:67,11
DA:77,11
DA:80,11
DA:81,0
DA:82,0
DA:83,0
DA:84,0
DA:85,0
DA:86,0
DA:90,0
DA:91,0
DA:92,0
DA:96,3
DA:97,0
DA:98,0
DA:102,0
DA:113,0
DA:114,0
DA:121,0
DA:122,0
DA:123,0
DA:124,0
DA:128,0
DA:129,0
DA:133,0
DA:134,0
LF:38
LH:14
BRDA:53,0,0,0
BRDA:53,0,1,0
BRDA:56,1,0,0
BRDA:56,1,1,0
BRDA:59,2,0,12
BRDA:59,2,1,3
BRDA:77,3,0,0
BRDA:77,3,1,11
BRDA:80,4,0,0
BRDA:80,4,1,11
BRDA:96,5,0,0
BRDA:96,5,1,3
BRDA:113,6,0,0
BRDA:113,6,1,0
BRDA:115,7,0,0
BRDA:115,7,1,0
BRDA:121,8,0,0
BRDA:121,8,1,0
BRDA:133,9,0,0
BRDA:133,9,1,0
BRF:20
BRH:5
end_of_record
TN:
SF:/Users/paulocalixto/Documents/Projetos/Schedule/schedule-test/src/views/Home/HomeReminder/HomeReminder.weather.vue
FN:14,(anonymous_0)
FNF:1
FNH:0
FNDA:0,(anonymous_0)
DA:9,3
LF:1
LH:1
BRF:0
BRH:0
end_of_record
