TN:
SF:/Users/paulocalixto/Documents/Projetos/Schedule/schedule-test/src/components/atoms/BaseButton/BaseButton.vue
FN:23,(anonymous_0)
FN:35,(anonymous_1)
FNF:2
FNH:2
FNDA:3,(anonymous_0)
FNDA:1,(anonymous_1)
DA:17,1
DA:23,3
DA:36,1
LF:3
LH:3
BRF:0
BRH:0
end_of_record
TN:
SF:/Users/paulocalixto/Documents/Projetos/Schedule/schedule-test/src/components/atoms/BaseDatepicker/BaseDatepicker.vue
FN:30,(anonymous_0)
FNF:1
FNH:1
FNDA:1,(anonymous_0)
DA:15,1
DA:17,1
DA:31,1
LF:3
LH:3
BRF:0
BRH:0
end_of_record
TN:
SF:/Users/paulocalixto/Documents/Projetos/Schedule/schedule-test/src/components/atoms/BaseInput/BaseInput.vue
FN:50,(anonymous_0)
FN:57,(anonymous_1)
FN:62,(anonymous_2)
FN:65,(anonymous_3)
FN:69,(anonymous_4)
FN:73,(anonymous_5)
FN:76,(anonymous_6)
FN:80,(anonymous_7)
FN:85,(anonymous_8)
FNF:9
FNH:4
FNDA:1,(anonymous_0)
FNDA:1,(anonymous_1)
FNDA:2,(anonymous_2)
FNDA:0,(anonymous_3)
FNDA:0,(anonymous_4)
FNDA:0,(anonymous_5)
FNDA:0,(anonymous_6)
FNDA:0,(anonymous_7)
FNDA:1,(anonymous_8)
DA:26,1
DA:51,1
DA:58,1
DA:63,2
DA:66,0
DA:67,0
DA:70,0
DA:71,0
DA:74,0
DA:77,0
DA:78,0
DA:79,0
DA:80,0
DA:81,0
DA:86,1
LF:15
LH:5
BRDA:70,0,0,0
BRDA:70,0,1,0
BRF:2
BRH:0
end_of_record
TN:
SF:/Users/paulocalixto/Documents/Projetos/Schedule/schedule-test/src/components/organisms/TheSchedule/TheSchedule.vue
FN:27,(anonymous_0)
FN:35,(anonymous_1)
FN:38,(anonymous_2)
FN:41,(anonymous_3)
FNF:4
FNH:4
FNDA:1,(anonymous_0)
FNDA:1,(anonymous_1)
FNDA:1,(anonymous_2)
FNDA:1,(anonymous_3)
DA:22,2
DA:23,2
DA:25,2
DA:28,1
DA:36,1
DA:39,1
DA:42,1
LF:7
LH:7
BRF:0
BRH:0
end_of_record
TN:
SF:/Users/paulocalixto/Documents/Projetos/Schedule/schedule-test/src/views/Home/Home.vue
FNF:0
FNH:0
DA:11,1
DA:12,1
LF:2
LH:2
BRF:0
BRH:0
end_of_record
